{
  "stats": {
    "suites": 1,
    "tests": 2,
    "passes": 2,
    "pending": 0,
    "failures": 0,
    "start": "2022-07-13T11:14:54.075Z",
    "end": "2022-07-13T11:14:54.103Z",
    "duration": 28,
    "testsRegistered": 2,
    "passPercent": 100,
    "pendingPercent": 0,
    "other": 0,
    "hasOther": false,
    "skipped": 0,
    "hasSkipped": false
  },
  "results": [
    {
      "uuid": "35a390f7-c535-497e-b719-5fed7c479e90",
      "title": "",
      "fullFile": "C:\\Unit Test Practical\\test\\specs\\calculator.add.spec.js",
      "file": "\\test\\specs\\calculator.add.spec.js",
      "beforeHooks": [],
      "afterHooks": [],
      "tests": [],
      "suites": [
        {
          "uuid": "f307a7f8-c669-44d6-bd1f-3d4a27223660",
          "title": "Calculator Add and Multiply positive scenarios",
          "fullFile": "C:\\Unit Test Practical\\test\\specs\\calculator.add.spec.js",
          "file": "\\test\\specs\\calculator.add.spec.js",
          "beforeHooks": [
            {
              "title": "\"before each\" hook in \"Calculator Add and Multiply positive scenarios\"",
              "fullTitle": "Calculator Add and Multiply positive scenarios \"before each\" hook in \"Calculator Add and Multiply positive scenarios\"",
              "timedOut": false,
              "duration": 0,
              "state": null,
              "speed": null,
              "pass": false,
              "fail": false,
              "pending": false,
              "context": null,
              "code": "validator = new Calculator();",
              "err": {},
              "uuid": "c13ce105-5859-4221-bad3-09633d29931e",
              "parentUUID": "f307a7f8-c669-44d6-bd1f-3d4a27223660",
              "isHook": true,
              "skipped": false
            }
          ],
          "afterHooks": [
            {
              "title": "\"after each\" hook in \"Calculator Add and Multiply positive scenarios\"",
              "fullTitle": "Calculator Add and Multiply positive scenarios \"after each\" hook in \"Calculator Add and Multiply positive scenarios\"",
              "timedOut": false,
              "duration": 0,
              "state": null,
              "speed": null,
              "pass": false,
              "fail": false,
              "pending": false,
              "context": null,
              "code": "validator = null;",
              "err": {},
              "uuid": "890109e7-9e3d-40ba-86c9-627a6b8d06da",
              "parentUUID": "f307a7f8-c669-44d6-bd1f-3d4a27223660",
              "isHook": true,
              "skipped": false
            }
          ],
          "tests": [
            {
              "title": "should pass if Add works well",
              "fullTitle": "Calculator Add and Multiply positive scenarios should pass if Add works well",
              "timedOut": false,
              "duration": 1,
              "state": "passed",
              "speed": "fast",
              "pass": true,
              "fail": false,
              "pending": false,
              "context": null,
              "code": "expect(validator.add(1,3)).to.be.equal(4);",
              "err": {},
              "uuid": "05999641-1c08-42d0-b9a0-aeb941784960",
              "parentUUID": "f307a7f8-c669-44d6-bd1f-3d4a27223660",
              "isHook": false,
              "skipped": false
            },
            {
              "title": "should pass if Multiply works well",
              "fullTitle": "Calculator Add and Multiply positive scenarios should pass if Multiply works well",
              "timedOut": false,
              "duration": 0,
              "state": "passed",
              "speed": "fast",
              "pass": true,
              "fail": false,
              "pending": false,
              "context": null,
              "code": "expect(validator.multiply(2,5)).to.be.equal(10);",
              "err": {},
              "uuid": "3f099b51-834a-4278-bde3-f0d51bde2f30",
              "parentUUID": "f307a7f8-c669-44d6-bd1f-3d4a27223660",
              "isHook": false,
              "skipped": false
            }
          ],
          "suites": [],
          "passes": [
            "05999641-1c08-42d0-b9a0-aeb941784960",
            "3f099b51-834a-4278-bde3-f0d51bde2f30"
          ],
          "failures": [],
          "pending": [],
          "skipped": [],
          "duration": 1,
          "root": false,
          "rootEmpty": false,
          "_timeout": 2000
        }
      ],
      "passes": [],
      "failures": [],
      "pending": [],
      "skipped": [],
      "duration": 0,
      "root": true,
      "rootEmpty": true,
      "_timeout": 2000
    }
  ],
  "meta": {
    "mocha": {
      "version": "10.0.0"
    },
    "mochawesome": {
      "options": {
        "quiet": false,
        "reportFilename": "mochawesome",
        "saveHtml": true,
        "saveJson": true,
        "consoleReporter": "spec",
        "useInlineDiffs": false,
        "code": true
      },
      "version": "7.1.3"
    },
    "marge": {
      "options": null,
      "version": "6.2.0"
    }
  }
}